0 info it worked if it ends with ok
1 verbose cli [ 'C:\\dev\\nodejs\\node.exe',
1 verbose cli   'C:\\dev\\nodejs\\node_modules\\npm\\bin\\npm-cli.js',
1 verbose cli   'run',
1 verbose cli   'bs-win' ]
2 info using npm@3.10.10
3 info using node@v6.11.2
4 verbose run-script [ 'prebs-win', 'bs-win', 'postbs-win' ]
5 info lifecycle backend@0.0.0~prebs-win: backend@0.0.0
6 silly lifecycle backend@0.0.0~prebs-win: no script for prebs-win, continuing
7 info lifecycle backend@0.0.0~bs-win: backend@0.0.0
8 verbose lifecycle backend@0.0.0~bs-win: unsafe-perm in lifecycle true
9 verbose lifecycle backend@0.0.0~bs-win: PATH: C:\dev\nvm\v6.11.2\node_modules\npm\bin\node-gyp-bin;D:\workspace\work\ts-start-kit\backend\node_modules\.bin;C:\Windows\system32;C:\Windows;C:\Windows\System32\Wbem;C:\Windows\System32\WindowsPowerShell\v1.0\;C:\Program Files\Git\cmd;C:\Users\Administrator\AppData\Local\Microsoft\WindowsApps;D:\software\Microsoft VS Code\bin;D:\node\nvmw;;C:\Users\Administrator\AppData\Local\Microsoft\WindowsApps;D:\software\Microsoft VS Code\bin;D:\node\nvmw;;C:\Program Files\nodejs;C:\Users\Administrator\AppData\Local\Microsoft\WindowsApps;D:\software\Microsoft VS Code\bin;D:\node\nvmw;C:\dev\nvm;C:\dev\nodejs;C:\Program Files\MongoDB\Server\3.4\bin
10 verbose lifecycle backend@0.0.0~bs-win: CWD: D:\workspace\work\ts-start-kit\backend
11 silly lifecycle backend@0.0.0~bs-win: Args: [ '/d /s /c', 'tsc&& set APP_ENV=test&& node ./build/main.js' ]
12 silly lifecycle backend@0.0.0~bs-win: Returned: code: 1  signal: null
13 info lifecycle backend@0.0.0~bs-win: Failed to exec bs-win script
14 verbose stack Error: backend@0.0.0 bs-win: `tsc&& set APP_ENV=test&& node ./build/main.js`
14 verbose stack Exit status 1
14 verbose stack     at EventEmitter.<anonymous> (C:\dev\nvm\v6.11.2\node_modules\npm\lib\utils\lifecycle.js:255:16)
14 verbose stack     at emitTwo (events.js:106:13)
14 verbose stack     at EventEmitter.emit (events.js:191:7)
14 verbose stack     at ChildProcess.<anonymous> (C:\dev\nvm\v6.11.2\node_modules\npm\lib\utils\spawn.js:40:14)
14 verbose stack     at emitTwo (events.js:106:13)
14 verbose stack     at ChildProcess.emit (events.js:191:7)
14 verbose stack     at maybeClose (internal/child_process.js:891:16)
14 verbose stack     at Process.ChildProcess._handle.onexit (internal/child_process.js:226:5)
15 verbose pkgid backend@0.0.0
16 verbose cwd D:\workspace\work\ts-start-kit\backend
17 error Windows_NT 10.0.14393
18 error argv "C:\\dev\\nodejs\\node.exe" "C:\\dev\\nodejs\\node_modules\\npm\\bin\\npm-cli.js" "run" "bs-win"
19 error node v6.11.2
20 error npm  v3.10.10
21 error code ELIFECYCLE
22 error backend@0.0.0 bs-win: `tsc&& set APP_ENV=test&& node ./build/main.js`
22 error Exit status 1
23 error Failed at the backend@0.0.0 bs-win script 'tsc&& set APP_ENV=test&& node ./build/main.js'.
23 error Make sure you have the latest version of node.js and npm installed.
23 error If you do, this is most likely a problem with the backend package,
23 error not with npm itself.
23 error Tell the author that this fails on your system:
23 error     tsc&& set APP_ENV=test&& node ./build/main.js
23 error You can get information on how to open an issue for this project with:
23 error     npm bugs backend
23 error Or if that isn't available, you can get their info via:
23 error     npm owner ls backend
23 error There is likely additional logging output above.
24 verbose exit [ 1, true ]
